2018-12-07 13:34:56,456 - Log4JLogChute initialized using file 'velocity.log'
2018-12-07 13:34:56,457 - Initializing Velocity, Calling init()...
2018-12-07 13:34:56,457 - Starting Apache Velocity v1.7 (compiled: 2010-11-19 12:14:37)
2018-12-07 13:34:56,457 - Default Properties File: org\apache\velocity\runtime\defaults\velocity.properties
2018-12-07 13:34:56,457 - Trying to use logger class org.apache.velocity.runtime.log.AvalonLogChute
2018-12-07 13:34:56,457 - Target log system for org.apache.velocity.runtime.log.AvalonLogChute is not available (java.lang.NoClassDefFoundError: org/apache/log/format/Formatter).  Falling back to next log system...
2018-12-07 13:34:56,457 - Trying to use logger class org.apache.velocity.runtime.log.Log4JLogChute
2018-12-07 13:34:56,457 - Using logger class org.apache.velocity.runtime.log.Log4JLogChute
2018-12-07 13:34:56,461 - ResourceLoader instantiated: org.apache.velocity.runtime.resource.loader.FileResourceLoader
2018-12-07 13:34:56,462 - Do unicode file recognition:  false
2018-12-07 13:34:56,462 - FileResourceLoader : adding path 'F:/alankin/yunyunNew/yunyun-common/target/classes/template/'
2018-12-07 13:34:56,467 - ResourceCache: initialized (class org.apache.velocity.runtime.resource.ResourceCacheImpl) with class java.util.Collections$SynchronizedMap cache map.
2018-12-07 13:34:56,468 - Loaded System Directive: org.apache.velocity.runtime.directive.Stop
2018-12-07 13:34:56,469 - Loaded System Directive: org.apache.velocity.runtime.directive.Define
2018-12-07 13:34:56,470 - Loaded System Directive: org.apache.velocity.runtime.directive.Break
2018-12-07 13:34:56,470 - Loaded System Directive: org.apache.velocity.runtime.directive.Evaluate
2018-12-07 13:34:56,471 - Loaded System Directive: org.apache.velocity.runtime.directive.Literal
2018-12-07 13:34:56,471 - Loaded System Directive: org.apache.velocity.runtime.directive.Macro
2018-12-07 13:34:56,472 - Loaded System Directive: org.apache.velocity.runtime.directive.Parse
2018-12-07 13:34:56,474 - Loaded System Directive: org.apache.velocity.runtime.directive.Include
2018-12-07 13:34:56,474 - Loaded System Directive: org.apache.velocity.runtime.directive.Foreach
2018-12-07 13:34:56,501 - Created '20' parsers.
2018-12-07 13:34:56,506 - Velocimacro : "velocimacro.library" is not set.  Trying default library: VM_global_library.vm
2018-12-07 13:34:56,507 - Velocimacro : Default library not found.
2018-12-07 13:34:56,507 - Velocimacro : allowInline = true : VMs can be defined inline in templates
2018-12-07 13:34:56,507 - Velocimacro : allowInlineToOverride = false : VMs defined inline may NOT replace previous VM definitions
2018-12-07 13:34:56,507 - Velocimacro : allowInlineLocal = false : VMs defined inline will be global in scope if allowed.
2018-12-07 13:34:56,507 - Velocimacro : autoload off : VM system will not automatically reload global library macros
2018-12-07 13:34:56,522 - ResourceManager : found generatorConfig.vm with loader org.apache.velocity.runtime.resource.loader.FileResourceLoader
2018-12-07 13:34:56,525 - Null reference [template 'generatorConfig.vm', line 49, column 38] : ${generator.jdbc.driver} cannot be resolved.
2018-12-07 13:34:56,526 - Null reference [template 'generatorConfig.vm', line 50, column 40] : ${generator.jdbc.url} cannot be resolved.
2018-12-07 13:34:56,526 - Null reference [template 'generatorConfig.vm', line 51, column 33] : ${generator.jdbc.username} cannot be resolved.
2018-12-07 13:34:57,472 - ResourceManager : found Service.vm with loader org.apache.velocity.runtime.resource.loader.FileResourceLoader
2018-12-07 13:34:57,477 - ResourceManager : found ServiceMock.vm with loader org.apache.velocity.runtime.resource.loader.FileResourceLoader
2018-12-07 13:34:57,485 - ResourceManager : found ServiceImpl.vm with loader org.apache.velocity.runtime.resource.loader.FileResourceLoader
2018-12-07 13:34:57,488 - ResourceManager : found Service.vm with loader org.apache.velocity.runtime.resource.loader.FileResourceLoader
2018-12-07 13:34:57,493 - ResourceManager : found ServiceMock.vm with loader org.apache.velocity.runtime.resource.loader.FileResourceLoader
2018-12-07 13:34:57,497 - ResourceManager : found ServiceImpl.vm with loader org.apache.velocity.runtime.resource.loader.FileResourceLoader
2018-12-07 13:34:57,502 - ResourceManager : found Service.vm with loader org.apache.velocity.runtime.resource.loader.FileResourceLoader
2018-12-07 13:34:57,506 - ResourceManager : found ServiceMock.vm with loader org.apache.velocity.runtime.resource.loader.FileResourceLoader
2018-12-07 13:34:57,511 - ResourceManager : found ServiceImpl.vm with loader org.apache.velocity.runtime.resource.loader.FileResourceLoader
2018-12-07 13:34:57,515 - ResourceManager : found Service.vm with loader org.apache.velocity.runtime.resource.loader.FileResourceLoader
2018-12-07 13:34:57,519 - ResourceManager : found ServiceMock.vm with loader org.apache.velocity.runtime.resource.loader.FileResourceLoader
2018-12-07 13:34:57,523 - ResourceManager : found ServiceImpl.vm with loader org.apache.velocity.runtime.resource.loader.FileResourceLoader
2018-12-07 13:34:57,527 - ResourceManager : found Service.vm with loader org.apache.velocity.runtime.resource.loader.FileResourceLoader
2018-12-07 13:34:57,531 - ResourceManager : found ServiceMock.vm with loader org.apache.velocity.runtime.resource.loader.FileResourceLoader
2018-12-07 13:34:57,535 - ResourceManager : found ServiceImpl.vm with loader org.apache.velocity.runtime.resource.loader.FileResourceLoader
2018-12-07 13:34:57,539 - ResourceManager : found Service.vm with loader org.apache.velocity.runtime.resource.loader.FileResourceLoader
2018-12-07 13:34:57,543 - ResourceManager : found ServiceMock.vm with loader org.apache.velocity.runtime.resource.loader.FileResourceLoader
2018-12-07 13:34:57,547 - ResourceManager : found ServiceImpl.vm with loader org.apache.velocity.runtime.resource.loader.FileResourceLoader
2018-12-07 13:34:57,551 - ResourceManager : found Service.vm with loader org.apache.velocity.runtime.resource.loader.FileResourceLoader
2018-12-07 13:34:57,555 - ResourceManager : found ServiceMock.vm with loader org.apache.velocity.runtime.resource.loader.FileResourceLoader
2018-12-07 13:34:57,559 - ResourceManager : found ServiceImpl.vm with loader org.apache.velocity.runtime.resource.loader.FileResourceLoader
2018-12-07 13:35:37,257 - Log4JLogChute initialized using file 'velocity.log'
2018-12-07 13:35:37,257 - Initializing Velocity, Calling init()...
2018-12-07 13:35:37,257 - Starting Apache Velocity v1.7 (compiled: 2010-11-19 12:14:37)
2018-12-07 13:35:37,257 - Default Properties File: org\apache\velocity\runtime\defaults\velocity.properties
2018-12-07 13:35:37,257 - Trying to use logger class org.apache.velocity.runtime.log.AvalonLogChute
2018-12-07 13:35:37,257 - Target log system for org.apache.velocity.runtime.log.AvalonLogChute is not available (java.lang.NoClassDefFoundError: org/apache/log/format/Formatter).  Falling back to next log system...
2018-12-07 13:35:37,257 - Trying to use logger class org.apache.velocity.runtime.log.Log4JLogChute
2018-12-07 13:35:37,257 - Using logger class org.apache.velocity.runtime.log.Log4JLogChute
2018-12-07 13:35:37,261 - ResourceLoader instantiated: org.apache.velocity.runtime.resource.loader.FileResourceLoader
2018-12-07 13:35:37,262 - Do unicode file recognition:  false
2018-12-07 13:35:37,262 - FileResourceLoader : adding path 'F:/alankin/yunyunNew/yunyun-common/target/classes/template/'
2018-12-07 13:35:37,268 - ResourceCache: initialized (class org.apache.velocity.runtime.resource.ResourceCacheImpl) with class java.util.Collections$SynchronizedMap cache map.
2018-12-07 13:35:37,284 - Loaded System Directive: org.apache.velocity.runtime.directive.Stop
2018-12-07 13:35:37,285 - Loaded System Directive: org.apache.velocity.runtime.directive.Define
2018-12-07 13:35:37,285 - Loaded System Directive: org.apache.velocity.runtime.directive.Break
2018-12-07 13:35:37,286 - Loaded System Directive: org.apache.velocity.runtime.directive.Evaluate
2018-12-07 13:35:37,287 - Loaded System Directive: org.apache.velocity.runtime.directive.Literal
2018-12-07 13:35:37,288 - Loaded System Directive: org.apache.velocity.runtime.directive.Macro
2018-12-07 13:35:37,289 - Loaded System Directive: org.apache.velocity.runtime.directive.Parse
2018-12-07 13:35:37,290 - Loaded System Directive: org.apache.velocity.runtime.directive.Include
2018-12-07 13:35:37,291 - Loaded System Directive: org.apache.velocity.runtime.directive.Foreach
2018-12-07 13:35:37,322 - Created '20' parsers.
2018-12-07 13:35:37,331 - Velocimacro : "velocimacro.library" is not set.  Trying default library: VM_global_library.vm
2018-12-07 13:35:37,332 - Velocimacro : Default library not found.
2018-12-07 13:35:37,332 - Velocimacro : allowInline = true : VMs can be defined inline in templates
2018-12-07 13:35:37,332 - Velocimacro : allowInlineToOverride = false : VMs defined inline may NOT replace previous VM definitions
2018-12-07 13:35:37,332 - Velocimacro : allowInlineLocal = false : VMs defined inline will be global in scope if allowed.
2018-12-07 13:35:37,332 - Velocimacro : autoload off : VM system will not automatically reload global library macros
2018-12-07 13:35:37,346 - ResourceManager : found generatorConfig.vm with loader org.apache.velocity.runtime.resource.loader.FileResourceLoader
2018-12-07 13:35:37,350 - Null reference [template 'generatorConfig.vm', line 49, column 38] : ${generator.jdbc.driver} cannot be resolved.
2018-12-07 13:35:37,350 - Null reference [template 'generatorConfig.vm', line 50, column 40] : ${generator.jdbc.url} cannot be resolved.
2018-12-07 13:35:37,350 - Null reference [template 'generatorConfig.vm', line 51, column 33] : ${generator.jdbc.username} cannot be resolved.
2018-12-07 13:39:57,319 - Log4JLogChute initialized using file 'velocity.log'
2018-12-07 13:39:57,319 - Initializing Velocity, Calling init()...
2018-12-07 13:39:57,319 - Starting Apache Velocity v1.7 (compiled: 2010-11-19 12:14:37)
2018-12-07 13:39:57,319 - Default Properties File: org\apache\velocity\runtime\defaults\velocity.properties
2018-12-07 13:39:57,320 - Trying to use logger class org.apache.velocity.runtime.log.AvalonLogChute
2018-12-07 13:39:57,320 - Target log system for org.apache.velocity.runtime.log.AvalonLogChute is not available (java.lang.NoClassDefFoundError: org/apache/log/format/Formatter).  Falling back to next log system...
2018-12-07 13:39:57,320 - Trying to use logger class org.apache.velocity.runtime.log.Log4JLogChute
2018-12-07 13:39:57,320 - Using logger class org.apache.velocity.runtime.log.Log4JLogChute
2018-12-07 13:39:57,332 - ResourceLoader instantiated: org.apache.velocity.runtime.resource.loader.FileResourceLoader
2018-12-07 13:39:57,336 - Do unicode file recognition:  false
2018-12-07 13:39:57,336 - FileResourceLoader : adding path 'F:/alankin/yunyunNew/yunyun-common/target/classes/template/'
2018-12-07 13:39:57,342 - ResourceCache: initialized (class org.apache.velocity.runtime.resource.ResourceCacheImpl) with class java.util.Collections$SynchronizedMap cache map.
2018-12-07 13:39:57,343 - Loaded System Directive: org.apache.velocity.runtime.directive.Stop
2018-12-07 13:39:57,344 - Loaded System Directive: org.apache.velocity.runtime.directive.Define
2018-12-07 13:39:57,345 - Loaded System Directive: org.apache.velocity.runtime.directive.Break
2018-12-07 13:39:57,346 - Loaded System Directive: org.apache.velocity.runtime.directive.Evaluate
2018-12-07 13:39:57,346 - Loaded System Directive: org.apache.velocity.runtime.directive.Literal
2018-12-07 13:39:57,347 - Loaded System Directive: org.apache.velocity.runtime.directive.Macro
2018-12-07 13:39:57,348 - Loaded System Directive: org.apache.velocity.runtime.directive.Parse
2018-12-07 13:39:57,351 - Loaded System Directive: org.apache.velocity.runtime.directive.Include
2018-12-07 13:39:57,351 - Loaded System Directive: org.apache.velocity.runtime.directive.Foreach
2018-12-07 13:39:57,378 - Created '20' parsers.
2018-12-07 13:39:57,384 - Velocimacro : "velocimacro.library" is not set.  Trying default library: VM_global_library.vm
2018-12-07 13:39:57,384 - Velocimacro : Default library not found.
2018-12-07 13:39:57,384 - Velocimacro : allowInline = true : VMs can be defined inline in templates
2018-12-07 13:39:57,385 - Velocimacro : allowInlineToOverride = false : VMs defined inline may NOT replace previous VM definitions
2018-12-07 13:39:57,385 - Velocimacro : allowInlineLocal = false : VMs defined inline will be global in scope if allowed.
2018-12-07 13:39:57,385 - Velocimacro : autoload off : VM system will not automatically reload global library macros
2018-12-07 13:39:57,404 - ResourceManager : found generatorConfig.vm with loader org.apache.velocity.runtime.resource.loader.FileResourceLoader
2018-12-07 13:39:57,407 - Null reference [template 'generatorConfig.vm', line 49, column 38] : ${generator.jdbc.driver} cannot be resolved.
2018-12-07 13:39:57,407 - Null reference [template 'generatorConfig.vm', line 50, column 40] : ${generator.jdbc.url} cannot be resolved.
2018-12-07 13:39:57,407 - Null reference [template 'generatorConfig.vm', line 51, column 33] : ${generator.jdbc.username} cannot be resolved.
2018-12-07 13:50:14,442 - Log4JLogChute initialized using file 'velocity.log'
2018-12-07 13:50:14,442 - Initializing Velocity, Calling init()...
2018-12-07 13:50:14,442 - Starting Apache Velocity v1.7 (compiled: 2010-11-19 12:14:37)
2018-12-07 13:50:14,442 - Default Properties File: org\apache\velocity\runtime\defaults\velocity.properties
2018-12-07 13:50:14,443 - Trying to use logger class org.apache.velocity.runtime.log.AvalonLogChute
2018-12-07 13:50:14,443 - Target log system for org.apache.velocity.runtime.log.AvalonLogChute is not available (java.lang.NoClassDefFoundError: org/apache/log/format/Formatter).  Falling back to next log system...
2018-12-07 13:50:14,443 - Trying to use logger class org.apache.velocity.runtime.log.Log4JLogChute
2018-12-07 13:50:14,443 - Using logger class org.apache.velocity.runtime.log.Log4JLogChute
2018-12-07 13:50:14,446 - ResourceLoader instantiated: org.apache.velocity.runtime.resource.loader.FileResourceLoader
2018-12-07 13:50:14,447 - Do unicode file recognition:  false
2018-12-07 13:50:14,447 - FileResourceLoader : adding path 'F:/alankin/yunyunNew/yunyun-common/target/classes/template/'
2018-12-07 13:50:14,452 - ResourceCache: initialized (class org.apache.velocity.runtime.resource.ResourceCacheImpl) with class java.util.Collections$SynchronizedMap cache map.
2018-12-07 13:50:14,454 - Loaded System Directive: org.apache.velocity.runtime.directive.Stop
2018-12-07 13:50:14,454 - Loaded System Directive: org.apache.velocity.runtime.directive.Define
2018-12-07 13:50:14,455 - Loaded System Directive: org.apache.velocity.runtime.directive.Break
2018-12-07 13:50:14,456 - Loaded System Directive: org.apache.velocity.runtime.directive.Evaluate
2018-12-07 13:50:14,456 - Loaded System Directive: org.apache.velocity.runtime.directive.Literal
2018-12-07 13:50:14,457 - Loaded System Directive: org.apache.velocity.runtime.directive.Macro
2018-12-07 13:50:14,458 - Loaded System Directive: org.apache.velocity.runtime.directive.Parse
2018-12-07 13:50:14,459 - Loaded System Directive: org.apache.velocity.runtime.directive.Include
2018-12-07 13:50:14,460 - Loaded System Directive: org.apache.velocity.runtime.directive.Foreach
2018-12-07 13:50:14,482 - Created '20' parsers.
2018-12-07 13:50:14,487 - Velocimacro : "velocimacro.library" is not set.  Trying default library: VM_global_library.vm
2018-12-07 13:50:14,487 - Velocimacro : Default library not found.
2018-12-07 13:50:14,487 - Velocimacro : allowInline = true : VMs can be defined inline in templates
2018-12-07 13:50:14,487 - Velocimacro : allowInlineToOverride = false : VMs defined inline may NOT replace previous VM definitions
2018-12-07 13:50:14,487 - Velocimacro : allowInlineLocal = false : VMs defined inline will be global in scope if allowed.
2018-12-07 13:50:14,487 - Velocimacro : autoload off : VM system will not automatically reload global library macros
2018-12-07 13:50:14,501 - ResourceManager : found generatorConfig.vm with loader org.apache.velocity.runtime.resource.loader.FileResourceLoader
2018-12-07 13:50:14,504 - Null reference [template 'generatorConfig.vm', line 49, column 38] : ${generator.jdbc.driver} cannot be resolved.
2018-12-07 13:50:14,505 - Null reference [template 'generatorConfig.vm', line 50, column 40] : ${generator.jdbc.url} cannot be resolved.
2018-12-07 13:50:14,505 - Null reference [template 'generatorConfig.vm', line 51, column 33] : ${generator.jdbc.username} cannot be resolved.
2018-12-07 13:50:56,808 - Log4JLogChute initialized using file 'velocity.log'
2018-12-07 13:50:56,809 - Initializing Velocity, Calling init()...
2018-12-07 13:50:56,809 - Starting Apache Velocity v1.7 (compiled: 2010-11-19 12:14:37)
2018-12-07 13:50:56,809 - Default Properties File: org\apache\velocity\runtime\defaults\velocity.properties
2018-12-07 13:50:56,809 - Trying to use logger class org.apache.velocity.runtime.log.AvalonLogChute
2018-12-07 13:50:56,809 - Target log system for org.apache.velocity.runtime.log.AvalonLogChute is not available (java.lang.NoClassDefFoundError: org/apache/log/format/Formatter).  Falling back to next log system...
2018-12-07 13:50:56,809 - Trying to use logger class org.apache.velocity.runtime.log.Log4JLogChute
2018-12-07 13:50:56,809 - Using logger class org.apache.velocity.runtime.log.Log4JLogChute
2018-12-07 13:50:56,813 - ResourceLoader instantiated: org.apache.velocity.runtime.resource.loader.FileResourceLoader
2018-12-07 13:50:56,814 - Do unicode file recognition:  false
2018-12-07 13:50:56,814 - FileResourceLoader : adding path 'F:/alankin/yunyunNew/yunyun-common/target/classes/template/'
2018-12-07 13:50:56,819 - ResourceCache: initialized (class org.apache.velocity.runtime.resource.ResourceCacheImpl) with class java.util.Collections$SynchronizedMap cache map.
2018-12-07 13:50:56,821 - Loaded System Directive: org.apache.velocity.runtime.directive.Stop
2018-12-07 13:50:56,821 - Loaded System Directive: org.apache.velocity.runtime.directive.Define
2018-12-07 13:50:56,822 - Loaded System Directive: org.apache.velocity.runtime.directive.Break
2018-12-07 13:50:56,822 - Loaded System Directive: org.apache.velocity.runtime.directive.Evaluate
2018-12-07 13:50:56,823 - Loaded System Directive: org.apache.velocity.runtime.directive.Literal
2018-12-07 13:50:56,824 - Loaded System Directive: org.apache.velocity.runtime.directive.Macro
2018-12-07 13:50:56,825 - Loaded System Directive: org.apache.velocity.runtime.directive.Parse
2018-12-07 13:50:56,826 - Loaded System Directive: org.apache.velocity.runtime.directive.Include
2018-12-07 13:50:56,827 - Loaded System Directive: org.apache.velocity.runtime.directive.Foreach
2018-12-07 13:50:56,850 - Created '20' parsers.
2018-12-07 13:50:56,855 - Velocimacro : "velocimacro.library" is not set.  Trying default library: VM_global_library.vm
2018-12-07 13:50:56,855 - Velocimacro : Default library not found.
2018-12-07 13:50:56,855 - Velocimacro : allowInline = true : VMs can be defined inline in templates
2018-12-07 13:50:56,855 - Velocimacro : allowInlineToOverride = false : VMs defined inline may NOT replace previous VM definitions
2018-12-07 13:50:56,855 - Velocimacro : allowInlineLocal = false : VMs defined inline will be global in scope if allowed.
2018-12-07 13:50:56,855 - Velocimacro : autoload off : VM system will not automatically reload global library macros
2018-12-07 13:50:56,872 - ResourceManager : found generatorConfig.vm with loader org.apache.velocity.runtime.resource.loader.FileResourceLoader
2018-12-07 13:50:56,875 - Null reference [template 'generatorConfig.vm', line 49, column 38] : ${generator.jdbc.driver} cannot be resolved.
2018-12-07 13:50:56,876 - Null reference [template 'generatorConfig.vm', line 50, column 40] : ${generator.jdbc.url} cannot be resolved.
2018-12-07 13:50:56,876 - Null reference [template 'generatorConfig.vm', line 51, column 33] : ${generator.jdbc.username} cannot be resolved.
2018-12-07 13:52:51,449 - Log4JLogChute initialized using file 'velocity.log'
2018-12-07 13:52:51,450 - Initializing Velocity, Calling init()...
2018-12-07 13:52:51,450 - Starting Apache Velocity v1.7 (compiled: 2010-11-19 12:14:37)
2018-12-07 13:52:51,450 - Default Properties File: org\apache\velocity\runtime\defaults\velocity.properties
2018-12-07 13:52:51,450 - Trying to use logger class org.apache.velocity.runtime.log.AvalonLogChute
2018-12-07 13:52:51,450 - Target log system for org.apache.velocity.runtime.log.AvalonLogChute is not available (java.lang.NoClassDefFoundError: org/apache/log/format/Formatter).  Falling back to next log system...
2018-12-07 13:52:51,450 - Trying to use logger class org.apache.velocity.runtime.log.Log4JLogChute
2018-12-07 13:52:51,450 - Using logger class org.apache.velocity.runtime.log.Log4JLogChute
2018-12-07 13:52:51,454 - ResourceLoader instantiated: org.apache.velocity.runtime.resource.loader.FileResourceLoader
2018-12-07 13:52:51,454 - Do unicode file recognition:  false
2018-12-07 13:52:51,454 - FileResourceLoader : adding path 'F:/alankin/yunyunNew/yunyun-common/target/classes/template/'
2018-12-07 13:52:51,460 - ResourceCache: initialized (class org.apache.velocity.runtime.resource.ResourceCacheImpl) with class java.util.Collections$SynchronizedMap cache map.
2018-12-07 13:52:51,461 - Loaded System Directive: org.apache.velocity.runtime.directive.Stop
2018-12-07 13:52:51,461 - Loaded System Directive: org.apache.velocity.runtime.directive.Define
2018-12-07 13:52:51,462 - Loaded System Directive: org.apache.velocity.runtime.directive.Break
2018-12-07 13:52:51,462 - Loaded System Directive: org.apache.velocity.runtime.directive.Evaluate
2018-12-07 13:52:51,463 - Loaded System Directive: org.apache.velocity.runtime.directive.Literal
2018-12-07 13:52:51,464 - Loaded System Directive: org.apache.velocity.runtime.directive.Macro
2018-12-07 13:52:51,465 - Loaded System Directive: org.apache.velocity.runtime.directive.Parse
2018-12-07 13:52:51,466 - Loaded System Directive: org.apache.velocity.runtime.directive.Include
2018-12-07 13:52:51,467 - Loaded System Directive: org.apache.velocity.runtime.directive.Foreach
2018-12-07 13:52:51,488 - Created '20' parsers.
2018-12-07 13:52:51,492 - Velocimacro : "velocimacro.library" is not set.  Trying default library: VM_global_library.vm
2018-12-07 13:52:51,492 - Velocimacro : Default library not found.
2018-12-07 13:52:51,492 - Velocimacro : allowInline = true : VMs can be defined inline in templates
2018-12-07 13:52:51,492 - Velocimacro : allowInlineToOverride = false : VMs defined inline may NOT replace previous VM definitions
2018-12-07 13:52:51,492 - Velocimacro : allowInlineLocal = false : VMs defined inline will be global in scope if allowed.
2018-12-07 13:52:51,492 - Velocimacro : autoload off : VM system will not automatically reload global library macros
2018-12-07 13:52:51,506 - ResourceManager : found generatorConfig.vm with loader org.apache.velocity.runtime.resource.loader.FileResourceLoader
2018-12-07 13:52:51,510 - Null reference [template 'generatorConfig.vm', line 49, column 38] : ${generator.jdbc.driver} cannot be resolved.
2018-12-07 13:52:51,510 - Null reference [template 'generatorConfig.vm', line 50, column 40] : ${generator.jdbc.url} cannot be resolved.
2018-12-07 13:52:51,510 - Null reference [template 'generatorConfig.vm', line 51, column 33] : ${generator.jdbc.username} cannot be resolved.
2018-12-07 13:53:46,375 - Log4JLogChute initialized using file 'velocity.log'
2018-12-07 13:53:46,375 - Initializing Velocity, Calling init()...
2018-12-07 13:53:46,375 - Starting Apache Velocity v1.7 (compiled: 2010-11-19 12:14:37)
2018-12-07 13:53:46,375 - Default Properties File: org\apache\velocity\runtime\defaults\velocity.properties
2018-12-07 13:53:46,376 - Trying to use logger class org.apache.velocity.runtime.log.AvalonLogChute
2018-12-07 13:53:46,376 - Target log system for org.apache.velocity.runtime.log.AvalonLogChute is not available (java.lang.NoClassDefFoundError: org/apache/log/format/Formatter).  Falling back to next log system...
2018-12-07 13:53:46,376 - Trying to use logger class org.apache.velocity.runtime.log.Log4JLogChute
2018-12-07 13:53:46,376 - Using logger class org.apache.velocity.runtime.log.Log4JLogChute
2018-12-07 13:53:46,379 - ResourceLoader instantiated: org.apache.velocity.runtime.resource.loader.FileResourceLoader
2018-12-07 13:53:46,380 - Do unicode file recognition:  false
2018-12-07 13:53:46,380 - FileResourceLoader : adding path 'F:/alankin/yunyunNew/yunyun-common/target/classes/template/'
2018-12-07 13:53:46,385 - ResourceCache: initialized (class org.apache.velocity.runtime.resource.ResourceCacheImpl) with class java.util.Collections$SynchronizedMap cache map.
2018-12-07 13:53:46,386 - Loaded System Directive: org.apache.velocity.runtime.directive.Stop
2018-12-07 13:53:46,387 - Loaded System Directive: org.apache.velocity.runtime.directive.Define
2018-12-07 13:53:46,388 - Loaded System Directive: org.apache.velocity.runtime.directive.Break
2018-12-07 13:53:46,388 - Loaded System Directive: org.apache.velocity.runtime.directive.Evaluate
2018-12-07 13:53:46,389 - Loaded System Directive: org.apache.velocity.runtime.directive.Literal
2018-12-07 13:53:46,390 - Loaded System Directive: org.apache.velocity.runtime.directive.Macro
2018-12-07 13:53:46,391 - Loaded System Directive: org.apache.velocity.runtime.directive.Parse
2018-12-07 13:53:46,392 - Loaded System Directive: org.apache.velocity.runtime.directive.Include
2018-12-07 13:53:46,392 - Loaded System Directive: org.apache.velocity.runtime.directive.Foreach
2018-12-07 13:53:46,413 - Created '20' parsers.
2018-12-07 13:53:46,418 - Velocimacro : "velocimacro.library" is not set.  Trying default library: VM_global_library.vm
2018-12-07 13:53:46,418 - Velocimacro : Default library not found.
2018-12-07 13:53:46,418 - Velocimacro : allowInline = true : VMs can be defined inline in templates
2018-12-07 13:53:46,418 - Velocimacro : allowInlineToOverride = false : VMs defined inline may NOT replace previous VM definitions
2018-12-07 13:53:46,418 - Velocimacro : allowInlineLocal = false : VMs defined inline will be global in scope if allowed.
2018-12-07 13:53:46,418 - Velocimacro : autoload off : VM system will not automatically reload global library macros
2018-12-07 13:53:46,431 - ResourceManager : found generatorConfig.vm with loader org.apache.velocity.runtime.resource.loader.FileResourceLoader
2018-12-07 13:53:46,434 - Null reference [template 'generatorConfig.vm', line 49, column 38] : ${generator.jdbc.driver} cannot be resolved.
2018-12-07 13:53:46,434 - Null reference [template 'generatorConfig.vm', line 50, column 40] : ${generator.jdbc.url} cannot be resolved.
2018-12-07 13:53:46,434 - Null reference [template 'generatorConfig.vm', line 51, column 33] : ${generator.jdbc.username} cannot be resolved.
2018-12-07 13:56:28,653 - Log4JLogChute initialized using file 'velocity.log'
2018-12-07 13:56:28,654 - Initializing Velocity, Calling init()...
2018-12-07 13:56:28,654 - Starting Apache Velocity v1.7 (compiled: 2010-11-19 12:14:37)
2018-12-07 13:56:28,654 - Default Properties File: org\apache\velocity\runtime\defaults\velocity.properties
2018-12-07 13:56:28,654 - Trying to use logger class org.apache.velocity.runtime.log.AvalonLogChute
2018-12-07 13:56:28,654 - Target log system for org.apache.velocity.runtime.log.AvalonLogChute is not available (java.lang.NoClassDefFoundError: org/apache/log/format/Formatter).  Falling back to next log system...
2018-12-07 13:56:28,654 - Trying to use logger class org.apache.velocity.runtime.log.Log4JLogChute
2018-12-07 13:56:28,654 - Using logger class org.apache.velocity.runtime.log.Log4JLogChute
2018-12-07 13:56:28,658 - ResourceLoader instantiated: org.apache.velocity.runtime.resource.loader.FileResourceLoader
2018-12-07 13:56:28,659 - Do unicode file recognition:  false
2018-12-07 13:56:28,659 - FileResourceLoader : adding path 'F:/alankin/yunyunNew/yunyun-common/target/classes/template/'
2018-12-07 13:56:28,664 - ResourceCache: initialized (class org.apache.velocity.runtime.resource.ResourceCacheImpl) with class java.util.Collections$SynchronizedMap cache map.
2018-12-07 13:56:28,666 - Loaded System Directive: org.apache.velocity.runtime.directive.Stop
2018-12-07 13:56:28,667 - Loaded System Directive: org.apache.velocity.runtime.directive.Define
2018-12-07 13:56:28,668 - Loaded System Directive: org.apache.velocity.runtime.directive.Break
2018-12-07 13:56:28,668 - Loaded System Directive: org.apache.velocity.runtime.directive.Evaluate
2018-12-07 13:56:28,669 - Loaded System Directive: org.apache.velocity.runtime.directive.Literal
2018-12-07 13:56:28,670 - Loaded System Directive: org.apache.velocity.runtime.directive.Macro
2018-12-07 13:56:28,671 - Loaded System Directive: org.apache.velocity.runtime.directive.Parse
2018-12-07 13:56:28,672 - Loaded System Directive: org.apache.velocity.runtime.directive.Include
2018-12-07 13:56:28,673 - Loaded System Directive: org.apache.velocity.runtime.directive.Foreach
2018-12-07 13:56:28,695 - Created '20' parsers.
2018-12-07 13:56:28,700 - Velocimacro : "velocimacro.library" is not set.  Trying default library: VM_global_library.vm
2018-12-07 13:56:28,700 - Velocimacro : Default library not found.
2018-12-07 13:56:28,700 - Velocimacro : allowInline = true : VMs can be defined inline in templates
2018-12-07 13:56:28,700 - Velocimacro : allowInlineToOverride = false : VMs defined inline may NOT replace previous VM definitions
2018-12-07 13:56:28,700 - Velocimacro : allowInlineLocal = false : VMs defined inline will be global in scope if allowed.
2018-12-07 13:56:28,700 - Velocimacro : autoload off : VM system will not automatically reload global library macros
2018-12-07 13:56:28,714 - ResourceManager : found generatorConfig.vm with loader org.apache.velocity.runtime.resource.loader.FileResourceLoader
2018-12-07 13:56:28,718 - Null reference [template 'generatorConfig.vm', line 49, column 38] : ${generator.jdbc.driver} cannot be resolved.
2018-12-07 13:56:28,718 - Null reference [template 'generatorConfig.vm', line 50, column 40] : ${generator.jdbc.url} cannot be resolved.
2018-12-07 13:56:28,718 - Null reference [template 'generatorConfig.vm', line 51, column 33] : ${generator.jdbc.username} cannot be resolved.
2018-12-07 13:57:05,248 - Log4JLogChute initialized using file 'velocity.log'
2018-12-07 13:57:05,248 - Initializing Velocity, Calling init()...
2018-12-07 13:57:05,248 - Starting Apache Velocity v1.7 (compiled: 2010-11-19 12:14:37)
2018-12-07 13:57:05,248 - Default Properties File: org\apache\velocity\runtime\defaults\velocity.properties
2018-12-07 13:57:05,248 - Trying to use logger class org.apache.velocity.runtime.log.AvalonLogChute
2018-12-07 13:57:05,248 - Target log system for org.apache.velocity.runtime.log.AvalonLogChute is not available (java.lang.NoClassDefFoundError: org/apache/log/format/Formatter).  Falling back to next log system...
2018-12-07 13:57:05,249 - Trying to use logger class org.apache.velocity.runtime.log.Log4JLogChute
2018-12-07 13:57:05,249 - Using logger class org.apache.velocity.runtime.log.Log4JLogChute
2018-12-07 13:57:05,252 - ResourceLoader instantiated: org.apache.velocity.runtime.resource.loader.FileResourceLoader
2018-12-07 13:57:05,253 - Do unicode file recognition:  false
2018-12-07 13:57:05,253 - FileResourceLoader : adding path 'F:/alankin/yunyunNew/yunyun-common/target/classes/template/'
2018-12-07 13:57:05,258 - ResourceCache: initialized (class org.apache.velocity.runtime.resource.ResourceCacheImpl) with class java.util.Collections$SynchronizedMap cache map.
2018-12-07 13:57:05,259 - Loaded System Directive: org.apache.velocity.runtime.directive.Stop
2018-12-07 13:57:05,260 - Loaded System Directive: org.apache.velocity.runtime.directive.Define
2018-12-07 13:57:05,261 - Loaded System Directive: org.apache.velocity.runtime.directive.Break
2018-12-07 13:57:05,261 - Loaded System Directive: org.apache.velocity.runtime.directive.Evaluate
2018-12-07 13:57:05,262 - Loaded System Directive: org.apache.velocity.runtime.directive.Literal
2018-12-07 13:57:05,263 - Loaded System Directive: org.apache.velocity.runtime.directive.Macro
2018-12-07 13:57:05,264 - Loaded System Directive: org.apache.velocity.runtime.directive.Parse
2018-12-07 13:57:05,265 - Loaded System Directive: org.apache.velocity.runtime.directive.Include
2018-12-07 13:57:05,265 - Loaded System Directive: org.apache.velocity.runtime.directive.Foreach
2018-12-07 13:57:05,287 - Created '20' parsers.
2018-12-07 13:57:05,292 - Velocimacro : "velocimacro.library" is not set.  Trying default library: VM_global_library.vm
2018-12-07 13:57:05,292 - Velocimacro : Default library not found.
2018-12-07 13:57:05,292 - Velocimacro : allowInline = true : VMs can be defined inline in templates
2018-12-07 13:57:05,292 - Velocimacro : allowInlineToOverride = false : VMs defined inline may NOT replace previous VM definitions
2018-12-07 13:57:05,292 - Velocimacro : allowInlineLocal = false : VMs defined inline will be global in scope if allowed.
2018-12-07 13:57:05,292 - Velocimacro : autoload off : VM system will not automatically reload global library macros
2018-12-07 13:57:05,304 - ResourceManager : found generatorConfig.vm with loader org.apache.velocity.runtime.resource.loader.FileResourceLoader
2018-12-07 13:57:05,308 - Null reference [template 'generatorConfig.vm', line 49, column 38] : ${generator.jdbc.driver} cannot be resolved.
2018-12-07 13:57:05,308 - Null reference [template 'generatorConfig.vm', line 50, column 40] : ${generator.jdbc.url} cannot be resolved.
2018-12-07 13:57:05,308 - Null reference [template 'generatorConfig.vm', line 51, column 33] : ${generator.jdbc.username} cannot be resolved.
2018-12-07 13:57:05,624 - ResourceManager : found Service.vm with loader org.apache.velocity.runtime.resource.loader.FileResourceLoader
2018-12-07 14:01:33,796 - Log4JLogChute initialized using file 'velocity.log'
2018-12-07 14:01:33,796 - Initializing Velocity, Calling init()...
2018-12-07 14:01:33,796 - Starting Apache Velocity v1.7 (compiled: 2010-11-19 12:14:37)
2018-12-07 14:01:33,796 - Default Properties File: org\apache\velocity\runtime\defaults\velocity.properties
2018-12-07 14:01:33,797 - Trying to use logger class org.apache.velocity.runtime.log.AvalonLogChute
2018-12-07 14:01:33,797 - Target log system for org.apache.velocity.runtime.log.AvalonLogChute is not available (java.lang.NoClassDefFoundError: org/apache/log/format/Formatter).  Falling back to next log system...
2018-12-07 14:01:33,797 - Trying to use logger class org.apache.velocity.runtime.log.Log4JLogChute
2018-12-07 14:01:33,797 - Using logger class org.apache.velocity.runtime.log.Log4JLogChute
2018-12-07 14:01:33,801 - ResourceLoader instantiated: org.apache.velocity.runtime.resource.loader.FileResourceLoader
2018-12-07 14:01:33,802 - Do unicode file recognition:  false
2018-12-07 14:01:33,802 - FileResourceLoader : adding path 'F:/alankin/yunyunNew/yunyun-common/target/classes/template/'
2018-12-07 14:01:33,807 - ResourceCache: initialized (class org.apache.velocity.runtime.resource.ResourceCacheImpl) with class java.util.Collections$SynchronizedMap cache map.
2018-12-07 14:01:33,808 - Loaded System Directive: org.apache.velocity.runtime.directive.Stop
2018-12-07 14:01:33,809 - Loaded System Directive: org.apache.velocity.runtime.directive.Define
2018-12-07 14:01:33,809 - Loaded System Directive: org.apache.velocity.runtime.directive.Break
2018-12-07 14:01:33,810 - Loaded System Directive: org.apache.velocity.runtime.directive.Evaluate
2018-12-07 14:01:33,811 - Loaded System Directive: org.apache.velocity.runtime.directive.Literal
2018-12-07 14:01:33,811 - Loaded System Directive: org.apache.velocity.runtime.directive.Macro
2018-12-07 14:01:33,812 - Loaded System Directive: org.apache.velocity.runtime.directive.Parse
2018-12-07 14:01:33,813 - Loaded System Directive: org.apache.velocity.runtime.directive.Include
2018-12-07 14:01:33,814 - Loaded System Directive: org.apache.velocity.runtime.directive.Foreach
2018-12-07 14:01:33,837 - Created '20' parsers.
2018-12-07 14:01:33,841 - Velocimacro : "velocimacro.library" is not set.  Trying default library: VM_global_library.vm
2018-12-07 14:01:33,842 - Velocimacro : Default library not found.
2018-12-07 14:01:33,842 - Velocimacro : allowInline = true : VMs can be defined inline in templates
2018-12-07 14:01:33,842 - Velocimacro : allowInlineToOverride = false : VMs defined inline may NOT replace previous VM definitions
2018-12-07 14:01:33,842 - Velocimacro : allowInlineLocal = false : VMs defined inline will be global in scope if allowed.
2018-12-07 14:01:33,842 - Velocimacro : autoload off : VM system will not automatically reload global library macros
2018-12-07 14:01:33,856 - ResourceManager : found generatorConfig.vm with loader org.apache.velocity.runtime.resource.loader.FileResourceLoader
2018-12-07 14:01:33,860 - Null reference [template 'generatorConfig.vm', line 49, column 38] : ${generator.jdbc.driver} cannot be resolved.
2018-12-07 14:01:33,860 - Null reference [template 'generatorConfig.vm', line 50, column 40] : ${generator.jdbc.url} cannot be resolved.
2018-12-07 14:01:33,860 - Null reference [template 'generatorConfig.vm', line 51, column 33] : ${generator.jdbc.username} cannot be resolved.
2018-12-07 14:01:34,323 - ResourceManager : found Service.vm with loader org.apache.velocity.runtime.resource.loader.FileResourceLoader
2018-12-07 14:06:07,708 - Log4JLogChute initialized using file 'velocity.log'
2018-12-07 14:06:07,709 - Initializing Velocity, Calling init()...
2018-12-07 14:06:07,709 - Starting Apache Velocity v1.7 (compiled: 2010-11-19 12:14:37)
2018-12-07 14:06:07,709 - Default Properties File: org\apache\velocity\runtime\defaults\velocity.properties
2018-12-07 14:06:07,709 - Trying to use logger class org.apache.velocity.runtime.log.AvalonLogChute
2018-12-07 14:06:07,709 - Target log system for org.apache.velocity.runtime.log.AvalonLogChute is not available (java.lang.NoClassDefFoundError: org/apache/log/format/Formatter).  Falling back to next log system...
2018-12-07 14:06:07,709 - Trying to use logger class org.apache.velocity.runtime.log.Log4JLogChute
2018-12-07 14:06:07,709 - Using logger class org.apache.velocity.runtime.log.Log4JLogChute
2018-12-07 14:06:07,730 - ResourceLoader instantiated: org.apache.velocity.runtime.resource.loader.FileResourceLoader
2018-12-07 14:06:07,731 - Do unicode file recognition:  false
2018-12-07 14:06:07,731 - FileResourceLoader : adding path 'F:/alankin/yunyunNew/yunyun-common/target/classes/template/'
2018-12-07 14:06:07,737 - ResourceCache: initialized (class org.apache.velocity.runtime.resource.ResourceCacheImpl) with class java.util.Collections$SynchronizedMap cache map.
2018-12-07 14:06:07,738 - Loaded System Directive: org.apache.velocity.runtime.directive.Stop
2018-12-07 14:06:07,739 - Loaded System Directive: org.apache.velocity.runtime.directive.Define
2018-12-07 14:06:07,741 - Loaded System Directive: org.apache.velocity.runtime.directive.Break
2018-12-07 14:06:07,742 - Loaded System Directive: org.apache.velocity.runtime.directive.Evaluate
2018-12-07 14:06:07,743 - Loaded System Directive: org.apache.velocity.runtime.directive.Literal
2018-12-07 14:06:07,744 - Loaded System Directive: org.apache.velocity.runtime.directive.Macro
2018-12-07 14:06:07,746 - Loaded System Directive: org.apache.velocity.runtime.directive.Parse
2018-12-07 14:06:07,747 - Loaded System Directive: org.apache.velocity.runtime.directive.Include
2018-12-07 14:06:07,747 - Loaded System Directive: org.apache.velocity.runtime.directive.Foreach
2018-12-07 14:06:07,778 - Created '20' parsers.
2018-12-07 14:06:07,783 - Velocimacro : "velocimacro.library" is not set.  Trying default library: VM_global_library.vm
2018-12-07 14:06:07,783 - Velocimacro : Default library not found.
2018-12-07 14:06:07,783 - Velocimacro : allowInline = true : VMs can be defined inline in templates
2018-12-07 14:06:07,783 - Velocimacro : allowInlineToOverride = false : VMs defined inline may NOT replace previous VM definitions
2018-12-07 14:06:07,783 - Velocimacro : allowInlineLocal = false : VMs defined inline will be global in scope if allowed.
2018-12-07 14:06:07,783 - Velocimacro : autoload off : VM system will not automatically reload global library macros
2018-12-07 14:06:07,871 - ResourceManager : found generatorConfig.vm with loader org.apache.velocity.runtime.resource.loader.FileResourceLoader
2018-12-07 14:06:07,874 - Null reference [template 'generatorConfig.vm', line 49, column 38] : ${generator.jdbc.driver} cannot be resolved.
2018-12-07 14:06:07,874 - Null reference [template 'generatorConfig.vm', line 50, column 40] : ${generator.jdbc.url} cannot be resolved.
2018-12-07 14:06:07,874 - Null reference [template 'generatorConfig.vm', line 51, column 33] : ${generator.jdbc.username} cannot be resolved.
2018-12-07 14:06:08,343 - ResourceManager : found Service.vm with loader org.apache.velocity.runtime.resource.loader.FileResourceLoader
2018-12-07 14:07:59,503 - Log4JLogChute initialized using file 'velocity.log'
2018-12-07 14:07:59,503 - Initializing Velocity, Calling init()...
2018-12-07 14:07:59,503 - Starting Apache Velocity v1.7 (compiled: 2010-11-19 12:14:37)
2018-12-07 14:07:59,503 - Default Properties File: org\apache\velocity\runtime\defaults\velocity.properties
2018-12-07 14:07:59,503 - Trying to use logger class org.apache.velocity.runtime.log.AvalonLogChute
2018-12-07 14:07:59,503 - Target log system for org.apache.velocity.runtime.log.AvalonLogChute is not available (java.lang.NoClassDefFoundError: org/apache/log/format/Formatter).  Falling back to next log system...
2018-12-07 14:07:59,503 - Trying to use logger class org.apache.velocity.runtime.log.Log4JLogChute
2018-12-07 14:07:59,504 - Using logger class org.apache.velocity.runtime.log.Log4JLogChute
2018-12-07 14:07:59,507 - ResourceLoader instantiated: org.apache.velocity.runtime.resource.loader.FileResourceLoader
2018-12-07 14:07:59,508 - Do unicode file recognition:  false
2018-12-07 14:07:59,508 - FileResourceLoader : adding path 'F:/alankin/yunyunNew/yunyun-common/target/classes/template/'
2018-12-07 14:07:59,513 - ResourceCache: initialized (class org.apache.velocity.runtime.resource.ResourceCacheImpl) with class java.util.Collections$SynchronizedMap cache map.
2018-12-07 14:07:59,514 - Loaded System Directive: org.apache.velocity.runtime.directive.Stop
2018-12-07 14:07:59,515 - Loaded System Directive: org.apache.velocity.runtime.directive.Define
2018-12-07 14:07:59,516 - Loaded System Directive: org.apache.velocity.runtime.directive.Break
2018-12-07 14:07:59,516 - Loaded System Directive: org.apache.velocity.runtime.directive.Evaluate
2018-12-07 14:07:59,517 - Loaded System Directive: org.apache.velocity.runtime.directive.Literal
2018-12-07 14:07:59,518 - Loaded System Directive: org.apache.velocity.runtime.directive.Macro
2018-12-07 14:07:59,519 - Loaded System Directive: org.apache.velocity.runtime.directive.Parse
2018-12-07 14:07:59,520 - Loaded System Directive: org.apache.velocity.runtime.directive.Include
2018-12-07 14:07:59,520 - Loaded System Directive: org.apache.velocity.runtime.directive.Foreach
2018-12-07 14:07:59,544 - Created '20' parsers.
2018-12-07 14:07:59,548 - Velocimacro : "velocimacro.library" is not set.  Trying default library: VM_global_library.vm
2018-12-07 14:07:59,548 - Velocimacro : Default library not found.
2018-12-07 14:07:59,548 - Velocimacro : allowInline = true : VMs can be defined inline in templates
2018-12-07 14:07:59,548 - Velocimacro : allowInlineToOverride = false : VMs defined inline may NOT replace previous VM definitions
2018-12-07 14:07:59,548 - Velocimacro : allowInlineLocal = false : VMs defined inline will be global in scope if allowed.
2018-12-07 14:07:59,548 - Velocimacro : autoload off : VM system will not automatically reload global library macros
2018-12-07 14:07:59,561 - ResourceManager : found generatorConfig.vm with loader org.apache.velocity.runtime.resource.loader.FileResourceLoader
2018-12-07 14:07:59,564 - Null reference [template 'generatorConfig.vm', line 49, column 38] : ${generator.jdbc.driver} cannot be resolved.
2018-12-07 14:07:59,564 - Null reference [template 'generatorConfig.vm', line 50, column 40] : ${generator.jdbc.url} cannot be resolved.
2018-12-07 14:07:59,564 - Null reference [template 'generatorConfig.vm', line 51, column 33] : ${generator.jdbc.username} cannot be resolved.
2018-12-07 14:08:00,015 - ResourceManager : found Service.vm with loader org.apache.velocity.runtime.resource.loader.FileResourceLoader
2018-12-07 14:08:00,019 - ResourceManager : found ServiceMock.vm with loader org.apache.velocity.runtime.resource.loader.FileResourceLoader
2018-12-07 14:08:00,023 - ResourceManager : found ServiceImpl.vm with loader org.apache.velocity.runtime.resource.loader.FileResourceLoader
2018-12-07 14:08:00,027 - ResourceManager : found Service.vm with loader org.apache.velocity.runtime.resource.loader.FileResourceLoader
2018-12-07 14:08:00,029 - ResourceManager : found ServiceMock.vm with loader org.apache.velocity.runtime.resource.loader.FileResourceLoader
2018-12-07 14:08:00,034 - ResourceManager : found ServiceImpl.vm with loader org.apache.velocity.runtime.resource.loader.FileResourceLoader
2018-12-07 14:08:00,037 - ResourceManager : found Service.vm with loader org.apache.velocity.runtime.resource.loader.FileResourceLoader
2018-12-07 14:08:00,041 - ResourceManager : found ServiceMock.vm with loader org.apache.velocity.runtime.resource.loader.FileResourceLoader
2018-12-07 14:08:00,045 - ResourceManager : found ServiceImpl.vm with loader org.apache.velocity.runtime.resource.loader.FileResourceLoader
2018-12-07 14:08:00,049 - ResourceManager : found Service.vm with loader org.apache.velocity.runtime.resource.loader.FileResourceLoader
2018-12-07 14:08:00,053 - ResourceManager : found ServiceMock.vm with loader org.apache.velocity.runtime.resource.loader.FileResourceLoader
2018-12-07 14:08:00,057 - ResourceManager : found ServiceImpl.vm with loader org.apache.velocity.runtime.resource.loader.FileResourceLoader
2018-12-07 14:08:00,061 - ResourceManager : found Service.vm with loader org.apache.velocity.runtime.resource.loader.FileResourceLoader
2018-12-07 14:08:00,064 - ResourceManager : found ServiceMock.vm with loader org.apache.velocity.runtime.resource.loader.FileResourceLoader
2018-12-07 14:08:00,068 - ResourceManager : found ServiceImpl.vm with loader org.apache.velocity.runtime.resource.loader.FileResourceLoader
2018-12-07 14:08:00,072 - ResourceManager : found Service.vm with loader org.apache.velocity.runtime.resource.loader.FileResourceLoader
2018-12-07 14:08:00,075 - ResourceManager : found ServiceMock.vm with loader org.apache.velocity.runtime.resource.loader.FileResourceLoader
2018-12-07 14:08:00,079 - ResourceManager : found ServiceImpl.vm with loader org.apache.velocity.runtime.resource.loader.FileResourceLoader
2018-12-07 14:08:00,083 - ResourceManager : found Service.vm with loader org.apache.velocity.runtime.resource.loader.FileResourceLoader
2018-12-07 14:08:00,086 - ResourceManager : found ServiceMock.vm with loader org.apache.velocity.runtime.resource.loader.FileResourceLoader
2018-12-07 14:08:00,090 - ResourceManager : found ServiceImpl.vm with loader org.apache.velocity.runtime.resource.loader.FileResourceLoader
